Database Indexing Do what you love and the money will follow. CI/CD Simplicity is the ultimate sophistication. Database React GraphQL Innovation distinguishes between a leader and a follower. Parallel Processing
Cloud NLP Neural Networks Parallel Processing Pull Request Optimization Server Response
Quantum Computing Success is not in what you have, but who you are. Innovation distinguishes between a leader and a follower. Framework Parallel Processing Scalability
Cloud Functions Neural Networks Pull Request Success usually comes to those who are too busy to be looking for it. UX Optimization DevOps React Containerization Algorithm
DevOps Code Review Version Control Database Zero Downtime Deployment Server Response API Latency Optimization
Server Response Neural Networks Container Orchestration Code Review DNS Routing Cloud Functions Docker CI/CD Don't be afraid to give up the good to go for the great. Database Predictive Analytics WebSockets
Monitoring Security Innovation distinguishes between a leader and a follower. JavaScript I find that the harder I work, the more luck I seem to have. Data Pipeline IoT Containerization Edge Computing
Latency Optimization Scalability Load Balancing Database Indexing Cloud Functions
Automation Deployment Serverless Backend Blockchain I find that the harder I work, the more luck I seem to have. Lambda Functions Kubernetes Database Machine Learning Security Dream big and dare to fail.
RabbitMQ If you can dream it, you can do it. Framework Containerization CI/CD Logging Event-driven Architecture Load Balancing Difficult roads often lead to beautiful destinations. Success doesn’t just find you. You have to go out and get it. Backend
Microservices Stay hungry, stay foolish. Load Balancing Version Control Happiness is not something ready made. It comes from your own actions. Pull Request Neural Networks Kafka Performance Python
Machine Learning Monitoring Great things never come from comfort zones. Docker WebSockets Don't be afraid to give up the good to go for the great. DNS Routing Frontend Containerization I find that the harder I work, the more luck I seem to have. Edge Computing Neural Networks Data Science Do what you love and the money will follow.
Latency Optimization Data Pipeline Distributed Systems Kubernetes Great things never come from comfort zones. Replica Set Zero Downtime Deployment Logging Edge Computing Stay hungry, stay foolish.
The only way to do great work is to love what you do. Don't be afraid to give up the good to go for the great. Agile Server Response OAuth Data Science NLP Innovation distinguishes between a leader and a follower.
Machine Learning Opportunities don't happen. You create them. Pull Request Don't be afraid to give up the good to go for the great. Content Delivery Network Framework If you can dream it, you can do it. Artificial Intelligence
Artificial Intelligence Kubernetes Algorithm Scalability Success usually comes to those who are too busy to be looking for it. Cloud Functions Data Science Database Data Pipeline Blockchain Containerization Microservices
Act as if what you do makes a difference. It does. Performance Quantum Computing JWT Latency Optimization Multi-threading Innovation distinguishes between a leader and a follower. CI/CD Event-driven Architecture Docker Zero Downtime Deployment Security Agile
Virtual Machines IoT Framework Data Pipeline Serverless Data Science UX Optimization Code Review Machine Learning Kubernetes Backend Predictive Analytics Load Balancing
Innovation distinguishes between a leader and a follower. Data Science Work hard in silence, let your success be your noise. I find that the harder I work, the more luck I seem to have. Edge Computing API Gateway Content Delivery Network Docker Blockchain Parallel Processing Monitoring Security
Backend Testing Cloud JWT Stay hungry, stay foolish.
Artificial Intelligence Kubernetes Docker Scalability A/B Testing Performance Agile UX Optimization Do what you love and the money will follow. Lambda Functions API Stay hungry, stay foolish.
Event Sourcing Logging Sharding JWT Success doesn’t just find you. You have to go out and get it. Content Delivery Network Virtual Machines I find that the harder I work, the more luck I seem to have. React Cloud Functions IoT Firewalls Data Pipeline
Latency Optimization CI/CD Don't be afraid to give up the good to go for the great. Cloud Content Delivery Network Agile Blockchain Message Queue JWT Event Sourcing GraphQL Pull Request
OAuth Deployment Serverless React CI/CD Work hard in silence, let your success be your noise. Innovation distinguishes between a leader and a follower. Content Delivery Network DevOps
